ERROR	2021-06-03 18:15:28,459	0	org.hyperledger.fabric_ca.sdk.HFCAClient	[main]	org.hyperledger.fabric_ca.sdk.exception.InvalidArgumentException: Unable to add CA certificate, can't open certificate file /home/filip/Projects/fabric-samples/asset-transfer-basic/../../test-network/organizations/peerOrganizations/org1.example.com/ca/ca.org1.example.com-cert.pem
ERROR	2021-06-03 18:17:36,483	0	org.hyperledger.fabric_ca.sdk.HFCAClient	[main]	org.hyperledger.fabric_ca.sdk.exception.InvalidArgumentException: Unable to add CA certificate, can't open certificate file /home/filip/Projects/fabric-samples/asset-transfer-basic/../../test-network/organizations/peerOrganizations/org1.example.com/ca/ca.org1.example.com-cert.pem
ERROR	2021-06-03 18:20:03,174	0	org.hyperledger.fabric_ca.sdk.HFCAClient	[main]	org.hyperledger.fabric_ca.sdk.exception.InvalidArgumentException: Unable to add CA certificate, can't open certificate file /home/filip/Projects/fabric-samples/asset-transfer-basic/../../test-network/organizations/peerOrganizations/org1.example.com/ca/ca.org1.example.com-cert.pem
ERROR	2021-06-03 18:25:49,212	0	org.hyperledger.fabric_ca.sdk.HFCAClient	[main]	org.hyperledger.fabric_ca.sdk.exception.InvalidArgumentException: Unable to add CA certificate, can't open certificate file /home/filip/Projects/fabric-samples/asset-transfer-basic/../../test-network/organizations/peerOrganizations/org1.example.com/ca/ca.org1.example.com-cert.pem
ERROR	2021-06-03 18:26:31,220	0	org.hyperledger.fabric_ca.sdk.HFCAClient	[main]	org.hyperledger.fabric_ca.sdk.exception.InvalidArgumentException: Unable to add CA certificate, can't open certificate file /home/filip/Projects/fabric-samples/asset-transfer-basic/../../test-network/organizations/peerOrganizations/org1.example.com/ca/ca.org1.example.com-cert.pem
ERROR	2021-06-03 18:26:49,625	0	org.hyperledger.fabric_ca.sdk.HFCAClient	[main]	org.hyperledger.fabric_ca.sdk.exception.InvalidArgumentException: Unable to add CA certificate, can't open certificate file /home/filip/Projects/fabric-samples/asset-transfer-basic/../../test-network/organizations/peerOrganizations/org1.example.com/ca/ca.org1.example.com-cert.pem
ERROR	2021-06-03 18:29:12,528	0	org.hyperledger.fabric_ca.sdk.HFCAClient	[main]	org.hyperledger.fabric_ca.sdk.exception.InvalidArgumentException: Unable to add CA certificate, can't open certificate file /home/filip/Projects/fabric-samples/asset-transfer-basic/../../test-network/organizations/peerOrganizations/org1.example.com/ca/ca.org1.example.com-cert.pem
ERROR	2021-06-03 18:29:56,490	0	org.hyperledger.fabric_ca.sdk.HFCAClient	[main]	org.hyperledger.fabric_ca.sdk.exception.InvalidArgumentException: Unable to add CA certificate, can't open certificate file /home/filip/Projects/fabric-samples/asset-transfer-basic/../../test-network/organizations/peerOrganizations/org1.example.com/ca/ca.org1.example.com-cert.pem
ERROR	2021-06-03 18:30:53,625	0	org.hyperledger.fabric_ca.sdk.HFCAClient	[main]	org.hyperledger.fabric_ca.sdk.exception.InvalidArgumentException: Unable to add CA certificate, can't open certificate file /home/filip/Projects/fabric-samples/asset-transfer-basic/../../test-network/organizations/peerOrganizations/org1.example.com/ca/ca.org1.example.com-cert.pem
ERROR	2021-06-03 18:33:22,009	0	org.hyperledger.fabric_ca.sdk.HFCAClient	[main]	org.hyperledger.fabric_ca.sdk.exception.InvalidArgumentException: Unable to add CA certificate, can't open certificate file /home/filip/Projects/fabric-samples/asset-transfer-basic/../../test-network/organizations/peerOrganizations/org1.example.com/ca/ca.org1.example.com-cert.pem
ERROR	2021-06-03 18:34:04,318	0	org.hyperledger.fabric_ca.sdk.HFCAClient	[main]	org.hyperledger.fabric_ca.sdk.exception.InvalidArgumentException: Unable to add CA certificate, can't open certificate file /home/filip/Projects/fabric-samples/asset-transfer-basic/../../test-network/organizations/peerOrganizations/org1.example.com/ca/ca.org1.example.com-cert.pem
ERROR	2021-06-03 18:36:18,949	0	org.hyperledger.fabric.gateway.impl.TransactionImpl	[main]	No valid proposal responses received. 2 peer error responses: error in simulation: transaction returned with failure: Asset asset70 does not exist; error in simulation: transaction returned with failure: Asset asset70 does not exist
ERROR	2021-06-03 18:45:34,112	0	org.hyperledger.fabric_ca.sdk.HFCAClient	[main]	POST request to https://localhost:7054 failed request body {"id":"appUser","type":"client","affiliation":"org1.department1","attrs":[]}. Response: {"result":"","errors":[{"code":74,"message":"Identity 'appUser' is already registered"}
],"messages":[],"success":false}
ERROR	2021-06-03 18:45:34,112	0	org.hyperledger.fabric_ca.sdk.HFCAClient	[main]	application.java.RegisterUser$1@73c60324
ERROR	2021-06-03 18:45:50,432	0	org.hyperledger.fabric_ca.sdk.HFCAClient	[main]	POST request to https://localhost:7054 failed request body {"id":"appUser","type":"client","affiliation":"org1.department1","attrs":[]}. Response: {"result":"","errors":[{"code":74,"message":"Identity 'appUser' is already registered"}
],"messages":[],"success":false}
ERROR	2021-06-03 18:45:50,432	0	org.hyperledger.fabric_ca.sdk.HFCAClient	[main]	application.java.RegisterUser$1@435871cb
ERROR	2021-06-03 18:46:25,522	0	org.hyperledger.fabric_ca.sdk.HFCAClient	[main]	POST request to https://localhost:7054 failed request body {"id":"appUser","type":"client","affiliation":"org1.department1","attrs":[]}. Response: {"result":"","errors":[{"code":74,"message":"Identity 'appUser' is already registered"}
],"messages":[],"success":false}
ERROR	2021-06-03 18:46:25,523	1	org.hyperledger.fabric_ca.sdk.HFCAClient	[main]	application.java.RegisterUser$1@435871cb
ERROR	2021-06-03 18:47:13,732	0	org.hyperledger.fabric.gateway.impl.TransactionImpl	[main]	No valid proposal responses received. 2 peer error responses: error in simulation: transaction returned with failure: Asset asset1 already exists; error in simulation: transaction returned with failure: Asset asset1 already exists
ERROR	2021-06-03 18:47:47,242	0	org.hyperledger.fabric_ca.sdk.HFCAClient	[main]	POST request to https://localhost:7054 failed request body {"id":"appUser1","type":"client","affiliation":"org1.department1","attrs":[]}. Response: {"result":"","errors":[{"code":74,"message":"Identity 'appUser1' is already registered"}
],"messages":[],"success":false}
ERROR	2021-06-03 18:47:47,243	1	org.hyperledger.fabric_ca.sdk.HFCAClient	[main]	application.java.RegisterUser$1@435871cb
ERROR	2021-06-03 18:47:53,552	6310	org.hyperledger.fabric.gateway.impl.TransactionImpl	[main]	No valid proposal responses received. 2 peer error responses: error in simulation: transaction returned with failure: Asset asset70 does not exist; error in simulation: transaction returned with failure: Asset asset70 does not exist
ERROR	2021-06-04 19:02:33,177	0	org.hyperledger.fabric_ca.sdk.HFCAClient	[main]	org.hyperledger.fabric_ca.sdk.exception.InvalidArgumentException: Unable to add CA certificate, can't open certificate file /home/filip/Projects/simple-network/../test-network/organizations/peerOrganizations/org1.example.com/ca/ca.org1.example.com-cert.pem
ERROR	2021-06-04 19:03:10,255	0	org.hyperledger.fabric_ca.sdk.HFCAClient	[main]	org.hyperledger.fabric_ca.sdk.exception.InvalidArgumentException: Unable to add CA certificate, can't open certificate file /home/filip/Projects/simple-network/../test-network/organizations/peerOrganizations/org1.example.com/ca/ca.org1.example.com-cert.pem
ERROR	2021-06-04 19:03:36,525	0	org.hyperledger.fabric_ca.sdk.HFCAClient	[main]	org.hyperledger.fabric_ca.sdk.exception.InvalidArgumentException: Unable to add CA certificate, can't open certificate file /home/filip/Projects/simple-network/test-network/organizations/peerOrganizations/org1.example.com/ca/ca.org1.example.com-cert.pem
